[2022-10-11 00:50:47,634] [root] [INFO] : looking for microbit
[2022-10-11 00:50:47,638] [root] [INFO] : Scanning Ports...
[2022-10-11 00:50:47,638] [root] [INFO] : Testing: 
	 port: <serial.tools.list_ports_linux.SysFS object at 0x7f6e81519150> 
	 pid: 516 
	 vid: 3368
[2022-10-11 00:50:47,638] [root] [INFO] : found target device: 
	 pid: 516 
	 vid: 3368 
	 port: /dev/ttyACM0
[2022-10-11 00:50:47,638] [root] [INFO] : opening and monitoring microbit port
[2022-10-11 00:50:49,569] [urllib3.connectionpool] [DEBUG] : Starting new HTTP connection (1): localhost:9000
[2022-10-11 00:50:49,592] [urllib3.connectionpool] [DEBUG] : http://localhost:9000 "POST /api/users HTTP/1.1" 201 12
[2022-10-11 00:50:49,594] [root] [INFO] : laptop -> microbit : 'ready'
[2022-10-11 00:50:49,599] [root] [INFO] : microbit -> laptop : 'start                         
'
[2022-10-11 00:50:50,195] [root] [INFO] : microbit -> laptop : 'stop'
[2022-10-11 00:50:50,199] [urllib3.connectionpool] [DEBUG] : Starting new HTTP connection (1): localhost:9000
[2022-10-11 00:50:50,218] [urllib3.connectionpool] [DEBUG] : http://localhost:9000 "POST /api/entries HTTP/1.1" 201 12
[2022-10-11 00:51:46,239] [urllib3.connectionpool] [DEBUG] : Starting new HTTP connection (1): localhost:9000
[2022-10-11 00:51:46,258] [urllib3.connectionpool] [DEBUG] : http://localhost:9000 "POST /api/users HTTP/1.1" 201 12
[2022-10-11 00:51:46,259] [root] [INFO] : laptop -> microbit : 'ready'
[2022-10-11 00:51:46,264] [root] [INFO] : microbit -> laptop : 'start                         
'
[2022-10-11 00:51:46,863] [root] [INFO] : microbit -> laptop : 'stop'
[2022-10-11 00:51:46,866] [urllib3.connectionpool] [DEBUG] : Starting new HTTP connection (1): localhost:9000
[2022-10-11 00:51:46,883] [urllib3.connectionpool] [DEBUG] : http://localhost:9000 "POST /api/entries HTTP/1.1" 201 12
