[2022-10-11 00:34:07,254] [root] [INFO] : looking for microbit
[2022-10-11 00:34:07,258] [root] [INFO] : Scanning Ports...
[2022-10-11 00:34:07,258] [root] [INFO] : Testing: 
	 port: <serial.tools.list_ports_linux.SysFS object at 0x7f057ba98c10> 
	 pid: 516 
	 vid: 3368
[2022-10-11 00:34:07,258] [root] [INFO] : found target device: 
	 pid: 516 
	 vid: 3368 
	 port: /dev/ttyACM0
[2022-10-11 00:34:07,258] [root] [INFO] : opening and monitoring microbit port
[2022-10-11 00:34:17,653] [urllib3.connectionpool] [DEBUG] : Starting new HTTP connection (1): localhost:9000
[2022-10-11 00:34:17,655] [urllib3.connectionpool] [DEBUG] : http://localhost:9000 "POST /api/users HTTP/1.1" 500 55
[2022-10-11 00:34:17,655] [root] [INFO] : laptop -> microbit : 'ready'
[2022-10-11 00:34:17,756] [root] [INFO] : microbit -> laptop : ''
[2022-10-11 00:34:17,756] [root] [INFO] : laptop -> microbit : 'badresp'
[2022-10-11 00:34:30,534] [urllib3.connectionpool] [DEBUG] : Starting new HTTP connection (1): localhost:9000
[2022-10-11 00:34:30,535] [urllib3.connectionpool] [DEBUG] : http://localhost:9000 "POST /api/users HTTP/1.1" 500 55
[2022-10-11 00:34:30,535] [root] [INFO] : laptop -> microbit : 'ready'
[2022-10-11 00:34:30,636] [root] [INFO] : microbit -> laptop : ''
[2022-10-11 00:34:30,636] [root] [INFO] : laptop -> microbit : 'badresp'
