[2022-10-11 01:53:37,385] [root] [INFO] : looking for microbit
[2022-10-11 01:53:37,389] [root] [INFO] : Scanning Ports...
[2022-10-11 01:53:37,389] [root] [INFO] : Testing: 
	 port: <serial.tools.list_ports_linux.SysFS object at 0x7f61da12d150> 
	 pid: 516 
	 vid: 3368
[2022-10-11 01:53:37,389] [root] [INFO] : found target device: 
	 pid: 516 
	 vid: 3368 
	 port: /dev/ttyACM0
[2022-10-11 01:53:37,389] [root] [INFO] : opening and monitoring microbit port
[2022-10-11 01:54:18,894] [urllib3.connectionpool] [DEBUG] : Starting new HTTP connection (1): localhost:9000
[2022-10-11 01:54:18,908] [urllib3.connectionpool] [DEBUG] : http://localhost:9000 "POST /api/users HTTP/1.1" 201 12
[2022-10-11 01:54:18,909] [root] [INFO] : laptop -> microbit : 'ready'
[2022-10-11 01:54:19,508] [root] [INFO] : microbit -> laptop : 'start                         
'
[2022-10-11 01:54:28,076] [root] [INFO] : microbit -> laptop : 'stop                          
'
[2022-10-11 01:54:28,077] [urllib3.connectionpool] [DEBUG] : Starting new HTTP connection (1): localhost:9000
[2022-10-11 01:54:28,091] [urllib3.connectionpool] [DEBUG] : http://localhost:9000 "POST /api/entries HTTP/1.1" 201 12
