[2022-10-11 00:42:43,387] [root] [INFO] : looking for microbit
[2022-10-11 00:42:43,391] [root] [INFO] : Scanning Ports...
[2022-10-11 00:42:43,391] [root] [INFO] : Testing: 
	 port: <serial.tools.list_ports_linux.SysFS object at 0x7fbf66b3cf40> 
	 pid: 516 
	 vid: 3368
[2022-10-11 00:42:43,391] [root] [INFO] : found target device: 
	 pid: 516 
	 vid: 3368 
	 port: /dev/ttyACM0
[2022-10-11 00:42:43,391] [root] [INFO] : opening and monitoring microbit port
[2022-10-11 00:42:50,493] [urllib3.connectionpool] [DEBUG] : Starting new HTTP connection (1): localhost:9000
[2022-10-11 00:42:50,495] [urllib3.connectionpool] [DEBUG] : http://localhost:9000 "POST /api/users HTTP/1.1" 500 55
[2022-10-11 00:42:50,496] [root] [INFO] : laptop -> microbit : 'ready'
[2022-10-11 00:42:50,500] [root] [INFO] : microbit -> laptop : 'start                         
'
[2022-10-11 00:42:51,096] [root] [INFO] : microbit -> laptop : 'stop'
[2022-10-11 00:42:51,097] [urllib3.connectionpool] [DEBUG] : Starting new HTTP connection (1): localhost:9000
[2022-10-11 00:42:51,098] [urllib3.connectionpool] [DEBUG] : http://localhost:9000 "POST /api/entries HTTP/1.1" 500 55
[2022-10-11 00:44:00,112] [urllib3.connectionpool] [DEBUG] : Starting new HTTP connection (1): localhost:9000
[2022-10-11 00:44:00,114] [urllib3.connectionpool] [DEBUG] : http://localhost:9000 "POST /api/users HTTP/1.1" 500 55
[2022-10-11 00:44:00,114] [root] [INFO] : laptop -> microbit : 'ready'
[2022-10-11 00:44:00,118] [root] [INFO] : microbit -> laptop : 'start                         
'
[2022-10-11 00:44:00,716] [root] [INFO] : microbit -> laptop : 'stop'
[2022-10-11 00:44:00,716] [urllib3.connectionpool] [DEBUG] : Starting new HTTP connection (1): localhost:9000
[2022-10-11 00:44:00,718] [urllib3.connectionpool] [DEBUG] : http://localhost:9000 "POST /api/entries HTTP/1.1" 500 55
[2022-10-11 00:45:02,449] [urllib3.connectionpool] [DEBUG] : Starting new HTTP connection (1): localhost:9000
[2022-10-11 00:45:02,456] [urllib3.connectionpool] [DEBUG] : http://localhost:9000 "POST /api/users HTTP/1.1" 500 55
[2022-10-11 00:45:02,458] [root] [INFO] : laptop -> microbit : 'ready'
[2022-10-11 00:45:02,462] [root] [INFO] : microbit -> laptop : 'start                         
'
[2022-10-11 00:45:03,062] [root] [INFO] : microbit -> laptop : 'stop'
[2022-10-11 00:45:03,063] [urllib3.connectionpool] [DEBUG] : Starting new HTTP connection (1): localhost:9000
[2022-10-11 00:45:03,064] [urllib3.connectionpool] [DEBUG] : http://localhost:9000 "POST /api/entries HTTP/1.1" 500 55
