[2022-10-12 10:14:25,764] [root] [INFO] : looking for microbit
[2022-10-12 10:14:25,780] [root] [INFO] : Scanning Ports...
[2022-10-12 10:14:25,780] [root] [INFO] : Testing: 
	 port: <serial.tools.list_ports_common.ListPortInfo object at 0x000002BA3B633E80> 
	 pid: 516 
	 vid: 3368
[2022-10-12 10:14:25,780] [root] [INFO] : found target device: 
	 pid: 516 
	 vid: 3368 
	 port: COM3
[2022-10-12 10:14:25,780] [root] [INFO] : opening and monitoring microbit port
[2022-10-12 10:14:41,310] [urllib3.connectionpool] [DEBUG] : Starting new HTTP connection (1): localhost:9000
[2022-10-12 10:14:41,325] [urllib3.connectionpool] [DEBUG] : http://localhost:9000 "POST /api/users HTTP/1.1" 409 13
[2022-10-12 10:14:41,325] [root] [INFO] : laptop -> microbit : 'ready'
[2022-10-12 10:14:41,919] [root] [INFO] : microbit -> laptop : 'start                         
'
[2022-10-12 10:14:54,943] [root] [INFO] : microbit -> laptop : 'stop                          
'
[2022-10-12 10:14:54,943] [urllib3.connectionpool] [DEBUG] : Starting new HTTP connection (1): localhost:9000
[2022-10-12 10:14:54,959] [urllib3.connectionpool] [DEBUG] : http://localhost:9000 "POST /api/entries HTTP/1.1" 201 12
[2022-10-12 10:15:42,186] [urllib3.connectionpool] [DEBUG] : Starting new HTTP connection (1): localhost:9000
[2022-10-12 10:15:42,201] [urllib3.connectionpool] [DEBUG] : http://localhost:9000 "POST /api/users HTTP/1.1" 201 12
[2022-10-12 10:15:42,201] [root] [INFO] : laptop -> microbit : 'ready'
[2022-10-12 10:15:42,795] [root] [INFO] : microbit -> laptop : 'start                         
'
[2022-10-12 10:15:46,342] [root] [INFO] : microbit -> laptop : 'stop                          
'
[2022-10-12 10:15:46,357] [urllib3.connectionpool] [DEBUG] : Starting new HTTP connection (1): localhost:9000
[2022-10-12 10:15:46,357] [urllib3.connectionpool] [DEBUG] : http://localhost:9000 "POST /api/entries HTTP/1.1" 201 12
[2022-10-12 10:16:09,380] [urllib3.connectionpool] [DEBUG] : Starting new HTTP connection (1): localhost:9000
[2022-10-12 10:16:09,395] [urllib3.connectionpool] [DEBUG] : http://localhost:9000 "POST /api/users HTTP/1.1" 201 12
[2022-10-12 10:16:09,395] [root] [INFO] : laptop -> microbit : 'ready'
[2022-10-12 10:16:09,989] [root] [INFO] : microbit -> laptop : 'start                         
'
[2022-10-12 10:16:15,687] [root] [INFO] : microbit -> laptop : 'stop                          
'
[2022-10-12 10:16:15,703] [urllib3.connectionpool] [DEBUG] : Starting new HTTP connection (1): localhost:9000
[2022-10-12 10:16:15,703] [urllib3.connectionpool] [DEBUG] : http://localhost:9000 "POST /api/entries HTTP/1.1" 201 12
[2022-10-12 10:17:02,171] [urllib3.connectionpool] [DEBUG] : Starting new HTTP connection (1): localhost:9000
[2022-10-12 10:17:02,171] [urllib3.connectionpool] [DEBUG] : http://localhost:9000 "POST /api/users HTTP/1.1" 201 12
[2022-10-12 10:17:02,171] [root] [INFO] : laptop -> microbit : 'ready'
[2022-10-12 10:17:02,780] [root] [INFO] : microbit -> laptop : 'start                         
'
[2022-10-12 10:17:04,515] [root] [INFO] : microbit -> laptop : 'stop                          
'
[2022-10-12 10:17:04,515] [urllib3.connectionpool] [DEBUG] : Starting new HTTP connection (1): localhost:9000
[2022-10-12 10:17:04,515] [urllib3.connectionpool] [DEBUG] : http://localhost:9000 "POST /api/entries HTTP/1.1" 201 12
[2022-10-12 10:19:58,326] [urllib3.connectionpool] [DEBUG] : Starting new HTTP connection (1): localhost:9000
[2022-10-12 10:19:58,342] [urllib3.connectionpool] [DEBUG] : http://localhost:9000 "POST /api/users HTTP/1.1" 201 12
[2022-10-12 10:19:58,342] [root] [INFO] : laptop -> microbit : 'ready'
[2022-10-12 10:19:58,936] [root] [INFO] : microbit -> laptop : 'start                         
'
[2022-10-12 10:20:52,073] [root] [INFO] : microbit -> laptop : 'stop                          
'
[2022-10-12 10:20:52,073] [urllib3.connectionpool] [DEBUG] : Starting new HTTP connection (1): localhost:9000
[2022-10-12 10:20:52,073] [urllib3.connectionpool] [DEBUG] : http://localhost:9000 "POST /api/entries HTTP/1.1" 201 12
[2022-10-12 10:23:06,959] [urllib3.connectionpool] [DEBUG] : Starting new HTTP connection (1): localhost:9000
[2022-10-12 10:23:06,970] [urllib3.connectionpool] [DEBUG] : http://localhost:9000 "POST /api/users HTTP/1.1" 409 13
[2022-10-12 10:23:06,970] [root] [INFO] : laptop -> microbit : 'ready'
[2022-10-12 10:23:07,573] [root] [INFO] : microbit -> laptop : 'start                         
'
[2022-10-12 10:23:10,550] [root] [INFO] : microbit -> laptop : 'stop                          
'
[2022-10-12 10:23:10,568] [urllib3.connectionpool] [DEBUG] : Starting new HTTP connection (1): localhost:9000
[2022-10-12 10:23:10,583] [urllib3.connectionpool] [DEBUG] : http://localhost:9000 "POST /api/entries HTTP/1.1" 201 12
[2022-10-12 10:23:18,845] [urllib3.connectionpool] [DEBUG] : Starting new HTTP connection (1): localhost:9000
[2022-10-12 10:23:18,846] [urllib3.connectionpool] [DEBUG] : http://localhost:9000 "POST /api/users HTTP/1.1" 201 12
[2022-10-12 10:23:18,846] [root] [INFO] : laptop -> microbit : 'ready'
[2022-10-12 10:23:19,837] [root] [INFO] : microbit -> laptop : 'start                         
'
[2022-10-12 10:23:20,972] [root] [INFO] : microbit -> laptop : 'stop                          
'
[2022-10-12 10:23:20,972] [urllib3.connectionpool] [DEBUG] : Starting new HTTP connection (1): localhost:9000
[2022-10-12 10:23:20,972] [urllib3.connectionpool] [DEBUG] : http://localhost:9000 "POST /api/entries HTTP/1.1" 201 12
[2022-10-12 10:23:25,190] [urllib3.connectionpool] [DEBUG] : Starting new HTTP connection (1): localhost:9000
[2022-10-12 10:23:25,202] [urllib3.connectionpool] [DEBUG] : http://localhost:9000 "POST /api/users HTTP/1.1" 201 12
[2022-10-12 10:23:25,202] [root] [INFO] : laptop -> microbit : 'ready'
[2022-10-12 10:23:30,257] [root] [INFO] : microbit -> laptop : 'start                         
'
[2022-10-12 10:23:32,043] [root] [INFO] : microbit -> laptop : 'stop                          
'
[2022-10-12 10:23:32,043] [urllib3.connectionpool] [DEBUG] : Starting new HTTP connection (1): localhost:9000
[2022-10-12 10:23:32,057] [urllib3.connectionpool] [DEBUG] : http://localhost:9000 "POST /api/entries HTTP/1.1" 201 12
[2022-10-12 10:24:04,053] [urllib3.connectionpool] [DEBUG] : Starting new HTTP connection (1): localhost:9000
[2022-10-12 10:24:04,056] [urllib3.connectionpool] [DEBUG] : http://localhost:9000 "POST /api/users HTTP/1.1" 201 12
[2022-10-12 10:24:04,056] [root] [INFO] : laptop -> microbit : 'ready'
[2022-10-12 10:24:04,662] [root] [INFO] : microbit -> laptop : 'start                         
'
[2022-10-12 10:24:07,430] [root] [INFO] : microbit -> laptop : 'stop                          
'
[2022-10-12 10:24:07,435] [urllib3.connectionpool] [DEBUG] : Starting new HTTP connection (1): localhost:9000
[2022-10-12 10:24:07,451] [urllib3.connectionpool] [DEBUG] : http://localhost:9000 "POST /api/entries HTTP/1.1" 201 12
