[2022-10-12 10:30:35,392] [root] [INFO] : looking for microbit
[2022-10-12 10:30:35,392] [root] [INFO] : Scanning Ports...
[2022-10-12 10:30:35,392] [root] [INFO] : Testing: 
	 port: <serial.tools.list_ports_common.ListPortInfo object at 0x000001CD6F903E80> 
	 pid: 516 
	 vid: 3368
[2022-10-12 10:30:35,392] [root] [INFO] : found target device: 
	 pid: 516 
	 vid: 3368 
	 port: COM4
[2022-10-12 10:30:35,392] [root] [INFO] : opening and monitoring microbit port
[2022-10-12 10:30:36,765] [urllib3.connectionpool] [DEBUG] : Starting new HTTP connection (1): localhost:9000
[2022-10-12 10:30:36,765] [urllib3.connectionpool] [DEBUG] : http://localhost:9000 "POST /api/users HTTP/1.1" 409 13
[2022-10-12 10:30:36,765] [root] [INFO] : laptop -> microbit : 'ready'
[2022-10-12 10:30:37,382] [root] [INFO] : microbit -> laptop : 'start                         
'
[2022-10-12 10:30:40,050] [root] [INFO] : microbit -> laptop : 'stop                          
'
[2022-10-12 10:30:40,050] [urllib3.connectionpool] [DEBUG] : Starting new HTTP connection (1): localhost:9000
[2022-10-12 10:30:40,050] [urllib3.connectionpool] [DEBUG] : http://localhost:9000 "POST /api/entries HTTP/1.1" 201 12
[2022-10-12 10:30:42,322] [urllib3.connectionpool] [DEBUG] : Starting new HTTP connection (1): localhost:9000
[2022-10-12 10:30:42,330] [urllib3.connectionpool] [DEBUG] : http://localhost:9000 "POST /api/users HTTP/1.1" 201 12
[2022-10-12 10:30:42,340] [root] [INFO] : laptop -> microbit : 'ready'
