[2022-10-12 10:30:51,707] [root] [INFO] : looking for microbit
[2022-10-12 10:30:51,707] [root] [INFO] : Scanning Ports...
[2022-10-12 10:30:51,707] [root] [INFO] : Testing: 
	 port: <serial.tools.list_ports_common.ListPortInfo object at 0x000001D2CD643E80> 
	 pid: 516 
	 vid: 3368
[2022-10-12 10:30:51,707] [root] [INFO] : found target device: 
	 pid: 516 
	 vid: 3368 
	 port: COM4
[2022-10-12 10:30:51,707] [root] [INFO] : opening and monitoring microbit port
[2022-10-12 10:30:52,785] [urllib3.connectionpool] [DEBUG] : Starting new HTTP connection (1): localhost:9000
[2022-10-12 10:30:52,800] [urllib3.connectionpool] [DEBUG] : http://localhost:9000 "POST /api/users HTTP/1.1" 201 12
[2022-10-12 10:30:52,800] [root] [INFO] : laptop -> microbit : 'ready'
[2022-10-12 10:30:53,410] [root] [INFO] : microbit -> laptop : 'start                         
'
[2022-10-12 10:30:54,097] [root] [INFO] : microbit -> laptop : 'stop                          
'
[2022-10-12 10:30:54,097] [urllib3.connectionpool] [DEBUG] : Starting new HTTP connection (1): localhost:9000
[2022-10-12 10:30:54,097] [urllib3.connectionpool] [DEBUG] : http://localhost:9000 "POST /api/entries HTTP/1.1" 201 12
[2022-10-12 10:31:00,175] [urllib3.connectionpool] [DEBUG] : Starting new HTTP connection (1): localhost:9000
[2022-10-12 10:31:00,190] [urllib3.connectionpool] [DEBUG] : http://localhost:9000 "POST /api/users HTTP/1.1" 201 12
[2022-10-12 10:31:00,190] [root] [INFO] : laptop -> microbit : 'ready'
[2022-10-12 10:31:00,799] [root] [INFO] : microbit -> laptop : 'start                         
'
[2022-10-12 10:31:01,049] [root] [INFO] : microbit -> laptop : 'stop                          
'
[2022-10-12 10:31:01,049] [urllib3.connectionpool] [DEBUG] : Starting new HTTP connection (1): localhost:9000
[2022-10-12 10:31:01,065] [urllib3.connectionpool] [DEBUG] : http://localhost:9000 "POST /api/entries HTTP/1.1" 201 12
