[2022-10-12 10:24:21,097] [root] [INFO] : looking for microbit
[2022-10-12 10:24:21,097] [root] [INFO] : Scanning Ports...
[2022-10-12 10:24:21,097] [root] [INFO] : Testing: 
	 port: <serial.tools.list_ports_common.ListPortInfo object at 0x000001ABED943E80> 
	 pid: 516 
	 vid: 3368
[2022-10-12 10:24:21,097] [root] [INFO] : found target device: 
	 pid: 516 
	 vid: 3368 
	 port: COM3
[2022-10-12 10:24:21,097] [root] [INFO] : opening and monitoring microbit port
[2022-10-12 10:24:22,705] [urllib3.connectionpool] [DEBUG] : Starting new HTTP connection (1): localhost:9000
[2022-10-12 10:24:22,706] [urllib3.connectionpool] [DEBUG] : http://localhost:9000 "POST /api/users HTTP/1.1" 409 13
[2022-10-12 10:24:22,706] [root] [INFO] : laptop -> microbit : 'ready'
[2022-10-12 10:24:23,305] [root] [INFO] : microbit -> laptop : 'start                         
'
[2022-10-12 10:24:23,757] [root] [INFO] : microbit -> laptop : 'stop                          
'
[2022-10-12 10:24:23,757] [urllib3.connectionpool] [DEBUG] : Starting new HTTP connection (1): localhost:9000
[2022-10-12 10:24:23,757] [urllib3.connectionpool] [DEBUG] : http://localhost:9000 "POST /api/entries HTTP/1.1" 201 12
[2022-10-12 10:24:31,685] [urllib3.connectionpool] [DEBUG] : Starting new HTTP connection (1): localhost:9000
[2022-10-12 10:24:31,685] [urllib3.connectionpool] [DEBUG] : http://localhost:9000 "POST /api/users HTTP/1.1" 409 13
[2022-10-12 10:24:31,685] [root] [INFO] : laptop -> microbit : 'ready'
[2022-10-12 10:24:32,286] [root] [INFO] : microbit -> laptop : 'start                         
'
[2022-10-12 10:24:33,928] [root] [INFO] : microbit -> laptop : 'stop                          
'
[2022-10-12 10:24:33,928] [urllib3.connectionpool] [DEBUG] : Starting new HTTP connection (1): localhost:9000
[2022-10-12 10:24:33,943] [urllib3.connectionpool] [DEBUG] : http://localhost:9000 "POST /api/entries HTTP/1.1" 201 12
[2022-10-12 10:24:45,420] [urllib3.connectionpool] [DEBUG] : Starting new HTTP connection (1): localhost:9000
[2022-10-12 10:24:45,434] [urllib3.connectionpool] [DEBUG] : http://localhost:9000 "POST /api/users HTTP/1.1" 201 12
[2022-10-12 10:24:45,434] [root] [INFO] : laptop -> microbit : 'ready'
[2022-10-12 10:24:46,035] [root] [INFO] : microbit -> laptop : 'start                         
'
[2022-10-12 10:24:46,521] [root] [INFO] : microbit -> laptop : 'stop                          
'
[2022-10-12 10:24:46,527] [urllib3.connectionpool] [DEBUG] : Starting new HTTP connection (1): localhost:9000
[2022-10-12 10:24:46,540] [urllib3.connectionpool] [DEBUG] : http://localhost:9000 "POST /api/entries HTTP/1.1" 201 12
[2022-10-12 10:24:51,723] [urllib3.connectionpool] [DEBUG] : Starting new HTTP connection (1): localhost:9000
[2022-10-12 10:24:51,723] [urllib3.connectionpool] [DEBUG] : http://localhost:9000 "POST /api/users HTTP/1.1" 201 12
[2022-10-12 10:24:51,723] [root] [INFO] : laptop -> microbit : 'ready'
[2022-10-12 10:24:52,337] [root] [INFO] : microbit -> laptop : 'start                         
'
[2022-10-12 10:24:52,942] [root] [INFO] : microbit -> laptop : 'stop                          
'
[2022-10-12 10:24:52,942] [urllib3.connectionpool] [DEBUG] : Starting new HTTP connection (1): localhost:9000
[2022-10-12 10:24:52,959] [urllib3.connectionpool] [DEBUG] : http://localhost:9000 "POST /api/entries HTTP/1.1" 201 12
[2022-10-12 10:24:59,936] [urllib3.connectionpool] [DEBUG] : Starting new HTTP connection (1): localhost:9000
[2022-10-12 10:24:59,947] [urllib3.connectionpool] [DEBUG] : http://localhost:9000 "POST /api/users HTTP/1.1" 201 12
[2022-10-12 10:24:59,949] [root] [INFO] : laptop -> microbit : 'ready'
[2022-10-12 10:25:00,553] [root] [INFO] : microbit -> laptop : 'start                         
'
[2022-10-12 10:25:31,978] [root] [INFO] : microbit -> laptop : 'stop                          
'
[2022-10-12 10:25:31,982] [urllib3.connectionpool] [DEBUG] : Starting new HTTP connection (1): localhost:9000
[2022-10-12 10:25:31,996] [urllib3.connectionpool] [DEBUG] : http://localhost:9000 "POST /api/entries HTTP/1.1" 201 12
[2022-10-12 10:26:40,238] [urllib3.connectionpool] [DEBUG] : Starting new HTTP connection (1): localhost:9000
[2022-10-12 10:26:40,238] [urllib3.connectionpool] [DEBUG] : http://localhost:9000 "POST /api/users HTTP/1.1" 201 12
[2022-10-12 10:26:40,238] [root] [INFO] : laptop -> microbit : 'ready'
[2022-10-12 10:26:40,839] [root] [INFO] : microbit -> laptop : 'start                         
'
[2022-10-12 10:26:41,758] [root] [INFO] : microbit -> laptop : 'stop                          
'
[2022-10-12 10:26:41,758] [urllib3.connectionpool] [DEBUG] : Starting new HTTP connection (1): localhost:9000
[2022-10-12 10:26:41,758] [urllib3.connectionpool] [DEBUG] : http://localhost:9000 "POST /api/entries HTTP/1.1" 201 12
[2022-10-12 10:26:49,602] [urllib3.connectionpool] [DEBUG] : Starting new HTTP connection (1): localhost:9000
[2022-10-12 10:26:49,602] [urllib3.connectionpool] [DEBUG] : http://localhost:9000 "POST /api/users HTTP/1.1" 409 13
[2022-10-12 10:26:49,602] [root] [INFO] : laptop -> microbit : 'ready'
[2022-10-12 10:26:50,204] [root] [INFO] : microbit -> laptop : 'start                         
'
